<html>
<head>
<title>TestNG:  Test</title>
<link href="../testng.css" rel="stylesheet" type="text/css" />
<link href="../my-testng.css" rel="stylesheet" type="text/css" />

<style type="text/css">
.log { display: none;} 
.stack-trace { display: none;} 
</style>
<script type="text/javascript">
<!--
function flip(e) {
  current = e.style.display;
  if (current == 'block') {
    e.style.display = 'none';
    return 0;
  }
  else {
    e.style.display = 'block';
    return 1;
  }
}

function toggleBox(szDivId, elem, msg1, msg2)
{
  var res = -1;  if (document.getElementById) {
    res = flip(document.getElementById(szDivId));
  }
  else if (document.all) {
    // this is the way old msie versions work
    res = flip(document.all[szDivId]);
  }
  if(elem) {
    if(res == 0) elem.innerHTML = msg1; else elem.innerHTML = msg2;
  }

}

function toggleAllBoxes() {
  if (document.getElementsByTagName) {
    d = document.getElementsByTagName('div');
    for (i = 0; i < d.length; i++) {
      if (d[i].className == 'log') {
        flip(d[i]);
      }
    }
  }
}

// -->
</script>

</head>
<body>
<h2 align='center'>Test</h2><table border='1' align="center">
<tr>
<td>Tests passed/Failed/Skipped:</td><td>21/1/0</td>
</tr><tr>
<td>Started on:</td><td>Mon Sep 22 17:24:11 IST 2025</td>
</tr>
<tr><td>Total time:</td><td>176 seconds (176000 ms)</td>
</tr><tr>
<td>Included groups:</td><td></td>
</tr><tr>
<td>Excluded groups:</td><td></td>
</tr>
</table><p/>
<small><i>(Hover the method name to see the test class name)</i></small><p/>
<table width='100%' border='1' class='invocation-failed'>
<tr><td colspan='4' align='center'><b>FAILED TESTS</b></td></tr>
<tr><td><b>Test method</b></td>
<td><b>Attribute(s)</b></td>
<td width="30%"><b>Exception</b></td>
<td width="10%"><b>Time (seconds)</b></td>
<td><b>Instance</b></td>
</tr>
<tr>
<td title='tests.TC_005_DeleteContactTest.deleteContactTest()'><b>deleteContactTest</b><br>Test class: tests.TC_005_DeleteContactTest</td>
<td><div><pre>org.openqa.selenium.UnhandledAlertException: unexpected alert open: {Alert text : Are you sure you want to delete this contact?}
  (Session info: chrome=140.0.7339.128): Are you sure you want to delete this contact?
Build info: version: &apos;4.34.0&apos;, revision: &apos;707dcb4246*&apos;
System info: os.name: &apos;Windows 11&apos;, os.arch: &apos;amd64&apos;, os.version: &apos;10.0&apos;, java.version: &apos;21.0.7&apos;
Driver info: org.openqa.selenium.chrome.ChromeDriver
Command: [5012b1753e8d8d919592932c0b2ede2c, screenshot {}]
Capabilities {acceptInsecureCerts: false, browserName: chrome, browserVersion: 140.0.7339.128, chrome: {chromedriverVersion: 140.0.7339.185 (eeea00e459e..., userDataDir: C:\Users\Faster\AppData\Loc...}, fedcm:accounts: true, goog:chromeOptions: {debuggerAddress: localhost:56397}, networkConnectionEnabled: false, pageLoadStrategy: normal, platformName: windows, proxy: Proxy(), se:cdp: ws://localhost:56397/devtoo..., se:cdpVersion: 140.0.7339.128, setWindowRect: true, strictFileInteractability: false, timeouts: {implicit: 0, pageLoad: 300000, script: 30000}, unhandledPromptBehavior: dismiss and notify, webauthn:extension:credBlob: true, webauthn:extension:largeBlob: true, webauthn:extension:minPinLength: true, webauthn:extension:prf: true, webauthn:virtualAuthenticators: true}
Session ID: 5012b1753e8d8d919592932c0b2ede2c
	at org.openqa.selenium.remote.codec.w3c.W3CHttpResponseCodec.decode(W3CHttpResponseCodec.java:136)
	at org.openqa.selenium.remote.codec.w3c.W3CHttpResponseCodec.decode(W3CHttpResponseCodec.java:50)
	at org.openqa.selenium.remote.HttpCommandExecutor.execute(HttpCommandExecutor.java:215)
	at org.openqa.selenium.remote.service.DriverCommandExecutor.invokeExecute(DriverCommandExecutor.java:216)
	at org.openqa.selenium.remote.service.DriverCommandExecutor.execute(DriverCommandExecutor.java:174)
	at org.openqa.selenium.remote.RemoteWebDriver.execute(RemoteWebDriver.java:544)
	at org.openqa.selenium.remote.RemoteWebDriver.execute(RemoteWebDriver.java:617)
	at org.openqa.selenium.remote.RemoteWebDriver.execute(RemoteWebDriver.java:621)
	at org.openqa.selenium.remote.RemoteWebDriver.getScreenshotAs(RemoteWebDriver.java:333)
	at utils.Utility.screenShot(Utility.java:127)
	at utils.Listeners.onTestSuccess(Listeners.java:22)
	at java.base/java.util.ArrayList.forEach(ArrayList.java:1596)
... Removed 24 stack frames</pre></div><a href='#' onClick='toggleBox("stack-trace1382159617", this, "Click to show all stack frames", "Click to hide stack frames")'>Click to show all stack frames</a>
<div class='stack-trace' id='stack-trace1382159617'><pre>org.openqa.selenium.UnhandledAlertException: unexpected alert open: {Alert text : Are you sure you want to delete this contact?}
  (Session info: chrome=140.0.7339.128): Are you sure you want to delete this contact?
Build info: version: &apos;4.34.0&apos;, revision: &apos;707dcb4246*&apos;
System info: os.name: &apos;Windows 11&apos;, os.arch: &apos;amd64&apos;, os.version: &apos;10.0&apos;, java.version: &apos;21.0.7&apos;
Driver info: org.openqa.selenium.chrome.ChromeDriver
Command: [5012b1753e8d8d919592932c0b2ede2c, screenshot {}]
Capabilities {acceptInsecureCerts: false, browserName: chrome, browserVersion: 140.0.7339.128, chrome: {chromedriverVersion: 140.0.7339.185 (eeea00e459e..., userDataDir: C:\Users\Faster\AppData\Loc...}, fedcm:accounts: true, goog:chromeOptions: {debuggerAddress: localhost:56397}, networkConnectionEnabled: false, pageLoadStrategy: normal, platformName: windows, proxy: Proxy(), se:cdp: ws://localhost:56397/devtoo..., se:cdpVersion: 140.0.7339.128, setWindowRect: true, strictFileInteractability: false, timeouts: {implicit: 0, pageLoad: 300000, script: 30000}, unhandledPromptBehavior: dismiss and notify, webauthn:extension:credBlob: true, webauthn:extension:largeBlob: true, webauthn:extension:minPinLength: true, webauthn:extension:prf: true, webauthn:virtualAuthenticators: true}
Session ID: 5012b1753e8d8d919592932c0b2ede2c
	at org.openqa.selenium.remote.codec.w3c.W3CHttpResponseCodec.decode(W3CHttpResponseCodec.java:136)
	at org.openqa.selenium.remote.codec.w3c.W3CHttpResponseCodec.decode(W3CHttpResponseCodec.java:50)
	at org.openqa.selenium.remote.HttpCommandExecutor.execute(HttpCommandExecutor.java:215)
	at org.openqa.selenium.remote.service.DriverCommandExecutor.invokeExecute(DriverCommandExecutor.java:216)
	at org.openqa.selenium.remote.service.DriverCommandExecutor.execute(DriverCommandExecutor.java:174)
	at org.openqa.selenium.remote.RemoteWebDriver.execute(RemoteWebDriver.java:544)
	at org.openqa.selenium.remote.RemoteWebDriver.execute(RemoteWebDriver.java:617)
	at org.openqa.selenium.remote.RemoteWebDriver.execute(RemoteWebDriver.java:621)
	at org.openqa.selenium.remote.RemoteWebDriver.getScreenshotAs(RemoteWebDriver.java:333)
	at utils.Utility.screenShot(Utility.java:127)
	at utils.Listeners.onTestSuccess(Listeners.java:22)
	at org.testng.internal.TestListenerHelper.runTestListeners(TestListenerHelper.java:119)
	at org.testng.internal.invokers.TestInvoker.runTestResultListener(TestInvoker.java:285)
	at org.testng.internal.invokers.TestInvoker.invokeMethod(TestInvoker.java:777)
	at org.testng.internal.invokers.TestInvoker.invokeTestMethod(TestInvoker.java:230)
	at org.testng.internal.invokers.MethodRunner.runInSequence(MethodRunner.java:63)
	at org.testng.internal.invokers.TestInvoker$MethodInvocationAgent.invoke(TestInvoker.java:995)
	at org.testng.internal.invokers.TestInvoker.invokeTestMethods(TestInvoker.java:203)
	at org.testng.internal.invokers.TestMethodWorker.invokeTestMethods(TestMethodWorker.java:154)
	at org.testng.internal.invokers.TestMethodWorker.run(TestMethodWorker.java:134)
	at java.base/java.util.ArrayList.forEach(ArrayList.java:1596)
	at org.testng.TestRunner.privateRun(TestRunner.java:741)
	at org.testng.TestRunner.run(TestRunner.java:616)
	at org.testng.SuiteRunner.runTest(SuiteRunner.java:421)
	at org.testng.SuiteRunner.runSequentially(SuiteRunner.java:413)
	at org.testng.SuiteRunner.privateRun(SuiteRunner.java:373)
	at org.testng.SuiteRunner.run(SuiteRunner.java:312)
	at org.testng.SuiteRunnerWorker.runSuite(SuiteRunnerWorker.java:52)
	at org.testng.SuiteRunnerWorker.run(SuiteRunnerWorker.java:95)
	at org.testng.TestNG.runSuitesSequentially(TestNG.java:1274)
	at org.testng.TestNG.runSuitesLocally(TestNG.java:1208)
	at org.testng.TestNG.runSuites(TestNG.java:1112)
	at org.testng.TestNG.run(TestNG.java:1079)
	at org.testng.remote.AbstractRemoteTestNG.run(AbstractRemoteTestNG.java:115)
	at org.testng.remote.RemoteTestNG.initAndRun(RemoteTestNG.java:293)
	at org.testng.remote.RemoteTestNG.main(RemoteTestNG.java:91)
</pre></div></td>
<td>11</td>
<td>tests.TC_005_DeleteContactTest@41a2befb</td></tr>
</table><p>
<table width='100%' border='1' class='invocation-passed'>
<tr><td colspan='4' align='center'><b>PASSED TESTS</b></td></tr>
<tr><td><b>Test method</b></td>
<td><b>Attribute(s)</b></td>
<td width="30%"><b>Exception</b></td>
<td width="10%"><b>Time (seconds)</b></td>
<td><b>Instance</b></td>
</tr>
<tr>
<td title='tests.TC_001_LoginTest.loginTest()'><b>loginTest</b><br>Test class: tests.TC_001_LoginTest<br>Parameters: demouser@gmail.com, demouser, Invalid, Incorrect email or password</td>
<td></td>
<td>0</td>
<td>tests.TC_001_LoginTest@544fa968</td></tr>
<tr>
<td title='tests.TC_003_AddContactTest.addContactTest()'><b>addContactTest</b><br>Test class: tests.TC_003_AddContactTest<br>Parameters: demouser33@gmail.com, demouser1, Haresh, kumar, 1999-10-03, hareshkumar@gmail.com, 1234567890, Street 1, Apt 2, pri, tn, 638052, IND, Valid, Contact added successfully</td>
<td></td>
<td>3</td>
<td>tests.TC_003_AddContactTest@7d20d0b</td></tr>
<tr>
<td title='tests.TC_004_EditContactTest.editcancel()'><b>editcancel</b><br>Test class: tests.TC_004_EditContactTest</td>
<td></td>
<td>11</td>
<td>tests.TC_004_EditContactTest@7bedc48a</td></tr>
<tr>
<td title='tests.TC_001_LoginTest.loginTest()'><b>loginTest</b><br>Test class: tests.TC_001_LoginTest<br>Parameters: demousergmail.com, demouser1, BadEmail, Invalid email format</td>
<td></td>
<td>0</td>
<td>tests.TC_001_LoginTest@544fa968</td></tr>
<tr>
<td title='tests.TC_003_AddContactTest.addContactTest()'><b>addContactTest</b><br>Test class: tests.TC_003_AddContactTest<br>Parameters: demouser33@gmail.com, demouser1, Akshaya, Saravanaraja, 1996-09-25, akshaya@gmail.com, abcdefg, Road 5, road5, pri, tn, 638052, IND, Invalid Phone,  </td>
<td></td>
<td>3</td>
<td>tests.TC_003_AddContactTest@7d20d0b</td></tr>
<tr>
<td title='tests.TC_002_SignUpTest.signUpTest()'><b>signUpTest</b><br>Test class: tests.TC_002_SignUpTest<br>Parameters: Haresh, Kumar, hareshkumar@gmail.com, demo123, Mismatch, Passwords do not match</td>
<td></td>
<td>1</td>
<td>tests.TC_002_SignUpTest@77f1baf5</td></tr>
<tr>
<td title='tests.TC_002_SignUpTest.signUpTest()'><b>signUpTest</b><br>Test class: tests.TC_002_SignUpTest<br>Parameters: Dharun, Kumar, dharunkumar@gmail.com, demo@123, Valid, Login</td>
<td></td>
<td>1</td>
<td>tests.TC_002_SignUpTest@77f1baf5</td></tr>
<tr>
<td title='tests.TC_002_SignUpTest.signUpTest()'><b>signUpTest</b><br>Test class: tests.TC_002_SignUpTest<br>Parameters:  ,  ,  ,  , BlankFields, Required field messages shown</td>
<td></td>
<td>1</td>
<td>tests.TC_002_SignUpTest@77f1baf5</td></tr>
<tr>
<td title='tests.TC_006_NavigationTest.EditContactNavTest()'><b>EditContactNavTest</b><br>Test class: tests.TC_006_NavigationTest</td>
<td></td>
<td>4</td>
<td>tests.TC_006_NavigationTest@6c40365c</td></tr>
<tr>
<td title='tests.TC_002_SignUpTest.signUpTest()'><b>signUpTest</b><br>Test class: tests.TC_002_SignUpTest<br>Parameters: Nithulan, Dharun, dharunkumar@gmail.com, demo@123, Duplicate, Email already exists</td>
<td></td>
<td>1</td>
<td>tests.TC_002_SignUpTest@77f1baf5</td></tr>
<tr>
<td title='tests.TC_001_LoginTest.loginTest()'><b>loginTest</b><br>Test class: tests.TC_001_LoginTest<br>Parameters: demouser33@gmail.com, demouser1, Valid, Contact List</td>
<td></td>
<td>0</td>
<td>tests.TC_001_LoginTest@544fa968</td></tr>
<tr>
<td title='tests.TC_006_NavigationTest.NavigationTest()'><b>NavigationTest</b><br>Test class: tests.TC_006_NavigationTest</td>
<td></td>
<td>3</td>
<td>tests.TC_006_NavigationTest@6c40365c</td></tr>
<tr>
<td title='tests.TC_001_LoginTest.loginTest()'><b>loginTest</b><br>Test class: tests.TC_001_LoginTest<br>Parameters:  , demouser1, NoEmail, Email is required</td>
<td></td>
<td>0</td>
<td>tests.TC_001_LoginTest@544fa968</td></tr>
<tr>
<td title='tests.TC_006_NavigationTest.ActionButtonsVisibility()'><b>ActionButtonsVisibility</b><br>Test class: tests.TC_006_NavigationTest</td>
<td></td>
<td>0</td>
<td>tests.TC_006_NavigationTest@6c40365c</td></tr>
<tr>
<td title='tests.TC_004_EditContactTest.editlastname()'><b>editlastname</b><br>Test class: tests.TC_004_EditContactTest</td>
<td></td>
<td>8</td>
<td>tests.TC_004_EditContactTest@7bedc48a</td></tr>
<tr>
<td title='tests.TC_005_DeleteContactTest.verificationofcontactdelete()'><b>verificationofcontactdelete</b><br>Test class: tests.TC_005_DeleteContactTest</td>
<td></td>
<td>9</td>
<td>tests.TC_005_DeleteContactTest@41a2befb</td></tr>
<tr>
<td title='tests.TC_006_NavigationTest.AddContactNavTest()'><b>AddContactNavTest</b><br>Test class: tests.TC_006_NavigationTest</td>
<td></td>
<td>6</td>
<td>tests.TC_006_NavigationTest@6c40365c</td></tr>
<tr>
<td title='tests.TC_004_EditContactTest.editContactTest()'><b>editContactTest</b><br>Test class: tests.TC_004_EditContactTest</td>
<td></td>
<td>14</td>
<td>tests.TC_004_EditContactTest@7bedc48a</td></tr>
<tr>
<td title='tests.TC_006_NavigationTest.Logotest()'><b>Logotest</b><br>Test class: tests.TC_006_NavigationTest</td>
<td></td>
<td>0</td>
<td>tests.TC_006_NavigationTest@6c40365c</td></tr>
<tr>
<td title='tests.TC_003_AddContactTest.addContactTest()'><b>addContactTest</b><br>Test class: tests.TC_003_AddContactTest<br>Parameters: demouser33@gmail.com, demouser1, Dharun, kumar, 1995-10-29, dharunkumar@gmail.com, 1234567890, Street 1, Apt 2, pri, tn, 638052, IND, Duplicate, Contact added successfully</td>
<td></td>
<td>2</td>
<td>tests.TC_003_AddContactTest@7d20d0b</td></tr>
<tr>
<td title='tests.TC_003_AddContactTest.addContactTest()'><b>addContactTest</b><br>Test class: tests.TC_003_AddContactTest<br>Parameters: demouser33@gmail.com, demouser1,  ,  ,  , user@gamil.com, 1234567890, Street 3, Apt 4, pri, tn, 638052, IND, No Name, First Name is required, Last Name is required</td>
<td></td>
<td>2</td>
<td>tests.TC_003_AddContactTest@7d20d0b</td></tr>
</table><p>
</body>
</html>