<?xml version="1.0" encoding="UTF-8"?>
<!-- Generated by org.testng.reporters.JUnitXMLReporter -->
<testsuite ignored="0" hostname="ANBU" failures="0" tests="4" name="Default test" time="3.398" errors="0" timestamp="2025-08-13T14:59:44 IST">
  <testcase classname="base.ProjectSpecificationMethod" name="@BeforeClass testDeatils" time="0.005">
    <failure type="java.lang.IllegalArgumentException" message="Test name must not be null or empty">
      <![CDATA[java.lang.IllegalArgumentException: Test name must not be null or empty
at com.aventstack.extentreports.util.Assert.notEmpty(Assert.java:12)
at com.aventstack.extentreports.ExtentTest.<init>(ExtentTest.java:97)
at com.aventstack.extentreports.ExtentTest.<init>(ExtentTest.java:118)
at com.aventstack.extentreports.ExtentReports.createTest(ExtentReports.java:231)
at base.ProjectSpecificationMethod.testDeatils(ProjectSpecificationMethod.java:34)
at java.base/jdk.internal.reflect.DirectMethodHandleAccessor.invoke(DirectMethodHandleAccessor.java:103)
at java.base/java.lang.reflect.Method.invoke(Method.java:580)
at org.testng.internal.invokers.MethodInvocationHelper.invokeMethod(MethodInvocationHelper.java:141)
at org.testng.internal.invokers.MethodInvocationHelper.invokeMethodConsideringTimeout(MethodInvocationHelper.java:71)
at org.testng.internal.invokers.ConfigInvoker.invokeConfigurationMethod(ConfigInvoker.java:400)
at org.testng.internal.invokers.ConfigInvoker.invokeConfigurations(ConfigInvoker.java:333)
at org.testng.internal.invokers.TestMethodWorker.invokeBeforeClassMethods(TestMethodWorker.java:188)
at org.testng.internal.invokers.TestMethodWorker.run(TestMethodWorker.java:128)
at java.base/java.util.ArrayList.forEach(ArrayList.java:1596)
at org.testng.TestRunner.privateRun(TestRunner.java:741)
at org.testng.TestRunner.run(TestRunner.java:616)
at org.testng.SuiteRunner.runTest(SuiteRunner.java:421)
at org.testng.SuiteRunner.runSequentially(SuiteRunner.java:413)
at org.testng.SuiteRunner.privateRun(SuiteRunner.java:373)
at org.testng.SuiteRunner.run(SuiteRunner.java:312)
at org.testng.SuiteRunnerWorker.runSuite(SuiteRunnerWorker.java:52)
at org.testng.SuiteRunnerWorker.run(SuiteRunnerWorker.java:95)
at org.testng.TestNG.runSuitesSequentially(TestNG.java:1274)
at org.testng.TestNG.runSuitesLocally(TestNG.java:1208)
at org.testng.TestNG.runSuites(TestNG.java:1112)
at org.testng.TestNG.run(TestNG.java:1079)
at org.testng.remote.AbstractRemoteTestNG.run(AbstractRemoteTestNG.java:115)
at org.testng.remote.RemoteTestNG.initAndRun(RemoteTestNG.java:293)
at org.testng.remote.RemoteTestNG.main(RemoteTestNG.java:91)
]]>
    </failure>
  </testcase> <!-- @BeforeClass testDeatils -->
  <testcase classname="base.ProjectSpecificationMethod" name="@BeforeMethod browserLaunchAndUrlLoad" time="0.0">
    <skipped/>
  </testcase> <!-- @BeforeMethod browserLaunchAndUrlLoad -->
  <testcase classname="base.ProjectSpecificationMethod" name="@BeforeMethod browserLaunchAndUrlLoad" time="0.0">
    <skipped/>
  </testcase> <!-- @BeforeMethod browserLaunchAndUrlLoad -->
  <testcase classname="base.ProjectSpecificationMethod" name="@BeforeMethod browserLaunchAndUrlLoad" time="0.0">
    <skipped/>
  </testcase> <!-- @BeforeMethod browserLaunchAndUrlLoad -->
  <testcase classname="base.ProjectSpecificationMethod" name="@BeforeMethod browserLaunchAndUrlLoad" time="0.0">
    <skipped/>
  </testcase> <!-- @BeforeMethod browserLaunchAndUrlLoad -->
  <testcase classname="base.ProjectSpecificationMethod" name="@AfterClass teardown" time="0.0">
    <skipped/>
  </testcase> <!-- @AfterClass teardown -->
  <testcase classname="tests.TC_003_AddContactTest" name="addContactTest" time="0.0">
    <skipped/>
  </testcase> <!-- addContactTest -->
  <testcase classname="tests.TC_003_AddContactTest" name="addContactTest" time="0.0">
    <skipped/>
  </testcase> <!-- addContactTest -->
  <testcase classname="tests.TC_003_AddContactTest" name="addContactTest" time="0.001">
    <skipped/>
  </testcase> <!-- addContactTest -->
  <testcase classname="tests.TC_003_AddContactTest" name="addContactTest" time="0.0">
    <skipped/>
  </testcase> <!-- addContactTest -->
</testsuite> <!-- Default test -->
